#! /c/Source/iverilog-install/bin/vvp
:ivl_version "12.0 (devel)" "(s20150603-1539-g2693dd32b)";
:ivl_delay_selection "TYPICAL";
:vpi_time_precision + 0;
:vpi_module "E:\iverilog\lib\ivl\system.vpi";
:vpi_module "E:\iverilog\lib\ivl\vhdl_sys.vpi";
:vpi_module "E:\iverilog\lib\ivl\vhdl_textio.vpi";
:vpi_module "E:\iverilog\lib\ivl\v2005_math.vpi";
:vpi_module "E:\iverilog\lib\ivl\va_math.vpi";
S_000001dab938bbc0 .scope module, "tb_traffic_light" "tb_traffic_light" 2 47;
 .timescale 0 0;
v000001dab938ed30_0 .var "clk", 0 0;
v000001dab938edd0_0 .var "rst", 0 0;
v000001dab938ee70_0 .net "signal", 2 0, v000001dab938b850_0;  1 drivers
S_000001dab938eb00 .scope module, "dut" "traffic_light" 2 51, 2 1 0, S_000001dab938bbc0;
 .timescale 0 0;
    .port_info 0 /INPUT 1 "clk";
    .port_info 1 /INPUT 1 "rst";
    .port_info 2 /OUTPUT 3 "signal";
P_000001dab938bd50 .param/l "GREEN" 0 2 8, C4<001>;
P_000001dab938bd88 .param/l "RED" 0 2 6, C4<100>;
P_000001dab938bdc0 .param/l "YELLOW" 0 2 7, C4<010>;
v000001dab9243340_0 .net "clk", 0 0, v000001dab938ed30_0;  1 drivers
v000001dab92430e0_0 .var "next_state", 1 0;
v000001dab9243560_0 .net "rst", 0 0, v000001dab938edd0_0;  1 drivers
v000001dab938b850_0 .var "signal", 2 0;
v000001dab938b8f0_0 .var "state", 1 0;
v000001dab938ec90_0 .var "timer", 3 0;
E_000001dab927a050 .event anyedge, v000001dab938b8f0_0;
E_000001dab927a8d0 .event posedge, v000001dab9243560_0, v000001dab9243340_0;
    .scope S_000001dab938eb00;
T_0 ;
    %wait E_000001dab927a8d0;
    %load/vec4 v000001dab9243560_0;
    %flag_set/vec4 8;
    %jmp/0xz  T_0.0, 8;
    %pushi/vec4 0, 0, 2;
    %assign/vec4 v000001dab938b8f0_0, 0;
    %pushi/vec4 0, 0, 4;
    %assign/vec4 v000001dab938ec90_0, 0;
    %jmp T_0.1;
T_0.0 ;
    %load/vec4 v000001dab938ec90_0;
    %addi 1, 0, 4;
    %assign/vec4 v000001dab938ec90_0, 0;
    %load/vec4 v000001dab938ec90_0;
    %pad/u 32;
    %cmpi/e 9, 0, 32;
    %jmp/0xz  T_0.2, 4;
    %load/vec4 v000001dab92430e0_0;
    %assign/vec4 v000001dab938b8f0_0, 0;
    %pushi/vec4 0, 0, 4;
    %assign/vec4 v000001dab938ec90_0, 0;
T_0.2 ;
T_0.1 ;
    %jmp T_0;
    .thread T_0;
    .scope S_000001dab938eb00;
T_1 ;
    %wait E_000001dab927a050;
    %load/vec4 v000001dab938b8f0_0;
    %pad/u 3;
    %dup/vec4;
    %pushi/vec4 4, 0, 3;
    %cmp/u;
    %jmp/1 T_1.0, 6;
    %dup/vec4;
    %pushi/vec4 2, 0, 3;
    %cmp/u;
    %jmp/1 T_1.1, 6;
    %dup/vec4;
    %pushi/vec4 1, 0, 3;
    %cmp/u;
    %jmp/1 T_1.2, 6;
    %pushi/vec4 0, 0, 2;
    %store/vec4 v000001dab92430e0_0, 0, 2;
    %jmp T_1.4;
T_1.0 ;
    %pushi/vec4 2, 0, 2;
    %store/vec4 v000001dab92430e0_0, 0, 2;
    %jmp T_1.4;
T_1.1 ;
    %pushi/vec4 1, 0, 2;
    %store/vec4 v000001dab92430e0_0, 0, 2;
    %jmp T_1.4;
T_1.2 ;
    %pushi/vec4 0, 0, 2;
    %store/vec4 v000001dab92430e0_0, 0, 2;
    %jmp T_1.4;
T_1.4 ;
    %pop/vec4 1;
    %jmp T_1;
    .thread T_1, $push;
    .scope S_000001dab938eb00;
T_2 ;
    %wait E_000001dab927a050;
    %load/vec4 v000001dab938b8f0_0;
    %pad/u 3;
    %dup/vec4;
    %pushi/vec4 4, 0, 3;
    %cmp/u;
    %jmp/1 T_2.0, 6;
    %dup/vec4;
    %pushi/vec4 2, 0, 3;
    %cmp/u;
    %jmp/1 T_2.1, 6;
    %dup/vec4;
    %pushi/vec4 1, 0, 3;
    %cmp/u;
    %jmp/1 T_2.2, 6;
    %pushi/vec4 4, 0, 3;
    %store/vec4 v000001dab938b850_0, 0, 3;
    %jmp T_2.4;
T_2.0 ;
    %pushi/vec4 4, 0, 3;
    %store/vec4 v000001dab938b850_0, 0, 3;
    %jmp T_2.4;
T_2.1 ;
    %pushi/vec4 2, 0, 3;
    %store/vec4 v000001dab938b850_0, 0, 3;
    %jmp T_2.4;
T_2.2 ;
    %pushi/vec4 1, 0, 3;
    %store/vec4 v000001dab938b850_0, 0, 3;
    %jmp T_2.4;
T_2.4 ;
    %pop/vec4 1;
    %jmp T_2;
    .thread T_2, $push;
    .scope S_000001dab938bbc0;
T_3 ;
    %delay 5, 0;
    %load/vec4 v000001dab938ed30_0;
    %inv;
    %store/vec4 v000001dab938ed30_0, 0, 1;
    %jmp T_3;
    .thread T_3;
    .scope S_000001dab938bbc0;
T_4 ;
    %pushi/vec4 0, 0, 1;
    %store/vec4 v000001dab938ed30_0, 0, 1;
    %pushi/vec4 1, 0, 1;
    %store/vec4 v000001dab938edd0_0, 0, 1;
    %delay 5, 0;
    %pushi/vec4 0, 0, 1;
    %store/vec4 v000001dab938edd0_0, 0, 1;
    %delay 200, 0;
    %vpi_call 2 59 "$finish" {0 0 0};
    %end;
    .thread T_4;
    .scope S_000001dab938bbc0;
T_5 ;
    %vpi_call 2 62 "$monitor", "t=%0t signal=%b", $time, v000001dab938ee70_0 {0 0 0};
    %end;
    .thread T_5;
# The file index is used to find the file name in the following table.
:file_names 3;
    "N/A";
    "<interactive>";
    "traffic_fsm.v";
